<?xml version="1.0" encoding="utf-8" ?>
<!DOCTYPE html PUBLIC "-//W3C//DTD XHTML 1.0 Strict//EN"
        "http://www.w3.org/TR/xhtml1/DTD/xhtml1-strict.dtd">
<html xmlns="http://www.w3.org/1999/xhtml" xml:lang="" lang="">
<head>
  <title>Test Results Report - Test in Chrome#1</title>
  <meta http-equiv="Content-Type" content="text/html;charset=utf-8" />
  <meta name="description" content="TestNG unit test results." />
  <link href="reportng.css" rel="stylesheet" type="text/css" />
    <script type="text/javascript" src="reportng.js"></script>
</head>
<body>
<h1>Test in Chrome#1</h1>
<p>
  Test duration: 78.131s
</p>

  <table class="resultsTable configTable">
    <tr><th colspan="3" class="header failedConfig">Failed Configuration</th></tr>
              <tr class="group">
        <td colspan="3">roleRightsTestSuite.AnaliticTest</td>
      </tr>
            
<tr>
  <td class="method">
                  tearDown
      </td>
  <td class="duration">
    0.001s
  </td>
  <td class="result">
        
    
        

        <a href="javascript:toggleElement('exception-0', 'block')" title="Click to expand/collapse"><b>org.openqa.selenium.remote.SessionNotFoundException: Session ID is null. Using WebDriver after calling quit()?<br/>
Build info: version: &apos;2.53.0&apos;, revision: &apos;35ae25b1534ae328c771e0856c93e187490ca824&apos;, time: &apos;2016-03-15 10:43:46&apos;<br/>
System info: host: &apos;LAPTOP-SO1S0EM0&apos;, ip: &apos;172.28.215.217&apos;, os.name: &apos;Windows 10&apos;, os.arch: &apos;amd64&apos;, os.version: &apos;10.0&apos;, java.version: &apos;1.8.0_112&apos;<br/>
Driver info: driver.version: RemoteWebDriver</b></a><br />
    <div class="stackTrace" id="exception-0">
              org.openqa.selenium.remote.HttpCommandExecutor.execute(HttpCommandExecutor.java:134)<br />
              org.openqa.selenium.remote.service.DriverCommandExecutor.execute(DriverCommandExecutor.java:82)<br />
              org.openqa.selenium.remote.RemoteWebDriver.execute(RemoteWebDriver.java:644)<br />
              org.openqa.selenium.remote.RemoteWebDriver.execute(RemoteWebDriver.java:701)<br />
              org.openqa.selenium.remote.RemoteWebDriver.close(RemoteWebDriver.java:521)<br />
              listener.base.BaseTest.tearDown(BaseTest.java:42)<br />
              sun.reflect.NativeMethodAccessorImpl.invoke0(Native Method)<br />
              sun.reflect.NativeMethodAccessorImpl.invoke(NativeMethodAccessorImpl.java:62)<br />
              sun.reflect.DelegatingMethodAccessorImpl.invoke(DelegatingMethodAccessorImpl.java:43)<br />
              java.lang.reflect.Method.invoke(Method.java:498)<br />
              org.testng.internal.MethodInvocationHelper.invokeMethod(MethodInvocationHelper.java:108)<br />
              org.testng.internal.Invoker.invokeConfigurationMethod(Invoker.java:523)<br />
              org.testng.internal.Invoker.invokeConfigurations(Invoker.java:224)<br />
              org.testng.internal.Invoker.invokeConfigurations(Invoker.java:146)<br />
              org.testng.TestRunner.afterRun(TestRunner.java:958)<br />
              org.testng.TestRunner.run(TestRunner.java:606)<br />
              org.testng.SuiteRunner.runTest(SuiteRunner.java:380)<br />
              org.testng.SuiteRunner.access$000(SuiteRunner.java:39)<br />
              org.testng.SuiteRunner$SuiteWorker.run(SuiteRunner.java:414)<br />
              org.testng.internal.thread.ThreadUtil$1.call(ThreadUtil.java:52)<br />
              java.util.concurrent.FutureTask.run(FutureTask.java:266)<br />
              java.util.concurrent.ThreadPoolExecutor.runWorker(ThreadPoolExecutor.java:1142)<br />
              java.util.concurrent.ThreadPoolExecutor$Worker.run(ThreadPoolExecutor.java:617)<br />
              java.lang.Thread.run(Thread.java:745)<br />
                </div>
      </td>
</tr>
    
      </table>


  <table class="resultsTable">
    <tr><th colspan="3" class="header failed">Failed Tests</th></tr>
          <tr>
        <td colspan="3" class="group">roleRightsTestSuite.AnaliticTest</td>
      </tr>
            
<tr>
  <td class="method">
                  authorizationAnaliticTest
      </td>
  <td class="duration">
    25.549s
  </td>
  <td class="result">
        
    
        

        <a href="javascript:toggleElement('exception-1', 'block')" title="Click to expand/collapse"><b>org.openqa.selenium.TimeoutException: Timed out after 15 seconds waiting for visibility of Proxy element for: DefaultElementLocator &apos;By.xpath: //li[contains(text(),&apos;Аналитик ЦА ДБН&apos;)]&apos;<br/>
Build info: version: &apos;2.53.0&apos;, revision: &apos;35ae25b1534ae328c771e0856c93e187490ca824&apos;, time: &apos;2016-03-15 10:43:46&apos;<br/>
System info: host: &apos;LAPTOP-SO1S0EM0&apos;, ip: &apos;172.28.215.217&apos;, os.name: &apos;Windows 10&apos;, os.arch: &apos;amd64&apos;, os.version: &apos;10.0&apos;, java.version: &apos;1.8.0_112&apos;<br/>
Driver info: org.openqa.selenium.chrome.ChromeDriver<br/>
Capabilities [{applicationCacheEnabled=false, rotatable=false, mobileEmulationEnabled=false, networkConnectionEnabled=false, chrome={chromedriverVersion=2.28.455520 (cc17746adff54984afff480136733114c6b3704b), userDataDir=C:\Users\Avic\AppData\Local\Temp\scoped_dir8060_8137}, takesHeapSnapshot=true, pageLoadStrategy=normal, databaseEnabled=false, handlesAlerts=true, hasTouchScreen=false, version=58.0.3029.81, platform=XP, browserConnectionEnabled=false, nativeEvents=true, acceptSslCerts=true, locationContextEnabled=true, webStorageEnabled=true, browserName=chrome, takesScreenshot=true, javascriptEnabled=true, cssSelectorsEnabled=true, unexpectedAlertBehaviour=}]<br/>
Session ID: 53442b3e81a8619b556be6d35d91fd7d</b></a><br />
    <div class="stackTrace" id="exception-1">
              org.openqa.selenium.support.ui.WebDriverWait.timeoutException(WebDriverWait.java:80)<br />
              org.openqa.selenium.support.ui.FluentWait.until(FluentWait.java:261)<br />
              pages.base.BasePage.elementVisibility(BasePage.java:44)<br />
              pages.LoginPage.checkAnaliticRoleName(LoginPage.java:68)<br />
              roleRightsTestSuite.AnaliticTest.authorizationAnaliticTest(AnaliticTest.java:21)<br />
              sun.reflect.NativeMethodAccessorImpl.invoke0(Native Method)<br />
              sun.reflect.NativeMethodAccessorImpl.invoke(NativeMethodAccessorImpl.java:62)<br />
              sun.reflect.DelegatingMethodAccessorImpl.invoke(DelegatingMethodAccessorImpl.java:43)<br />
              java.lang.reflect.Method.invoke(Method.java:498)<br />
              org.testng.internal.MethodInvocationHelper.invokeMethod(MethodInvocationHelper.java:108)<br />
              org.testng.internal.Invoker.invokeMethod(Invoker.java:661)<br />
              org.testng.internal.Invoker.invokeTestMethod(Invoker.java:869)<br />
              org.testng.internal.Invoker.invokeTestMethods(Invoker.java:1193)<br />
              org.testng.internal.TestMethodWorker.invokeTestMethods(TestMethodWorker.java:126)<br />
              org.testng.internal.TestMethodWorker.run(TestMethodWorker.java:109)<br />
              org.testng.TestRunner.privateRun(TestRunner.java:744)<br />
              org.testng.TestRunner.run(TestRunner.java:602)<br />
              org.testng.SuiteRunner.runTest(SuiteRunner.java:380)<br />
              org.testng.SuiteRunner.access$000(SuiteRunner.java:39)<br />
              org.testng.SuiteRunner$SuiteWorker.run(SuiteRunner.java:414)<br />
              org.testng.internal.thread.ThreadUtil$1.call(ThreadUtil.java:52)<br />
              java.util.concurrent.FutureTask.run(FutureTask.java:266)<br />
              java.util.concurrent.ThreadPoolExecutor.runWorker(ThreadPoolExecutor.java:1142)<br />
              java.util.concurrent.ThreadPoolExecutor$Worker.run(ThreadPoolExecutor.java:617)<br />
              java.lang.Thread.run(Thread.java:745)<br />
                    <b>Caused by: </b> <a href="javascript:toggleElement('exception-2', 'block')" title="Click to expand/collapse">org.openqa.selenium.NoSuchElementException: no such element: Unable to locate element: {&quot;method&quot;:&quot;xpath&quot;,&quot;selector&quot;:&quot;//li[contains(text(),&apos;Аналитик ЦА ДБН&apos;)]&quot;}<br/>
&nbsp; (Session info: chrome=58.0.3029.81)<br/>
&nbsp; (Driver info: chromedriver=2.28.455520 (cc17746adff54984afff480136733114c6b3704b),platform=Windows NT 10.0.14393 x86_64) (WARNING: The server did not provide any stacktrace information)<br/>
Command duration or timeout: 526 milliseconds<br/>
For documentation on this error, please visit: http://seleniumhq.org/exceptions/no_such_element.html<br/>
Build info: version: &apos;2.53.0&apos;, revision: &apos;35ae25b1534ae328c771e0856c93e187490ca824&apos;, time: &apos;2016-03-15 10:43:46&apos;<br/>
System info: host: &apos;LAPTOP-SO1S0EM0&apos;, ip: &apos;172.28.215.217&apos;, os.name: &apos;Windows 10&apos;, os.arch: &apos;amd64&apos;, os.version: &apos;10.0&apos;, java.version: &apos;1.8.0_112&apos;<br/>
Driver info: org.openqa.selenium.chrome.ChromeDriver<br/>
Capabilities [{applicationCacheEnabled=false, rotatable=false, mobileEmulationEnabled=false, networkConnectionEnabled=false, chrome={chromedriverVersion=2.28.455520 (cc17746adff54984afff480136733114c6b3704b), userDataDir=C:\Users\Avic\AppData\Local\Temp\scoped_dir8060_8137}, takesHeapSnapshot=true, pageLoadStrategy=normal, databaseEnabled=false, handlesAlerts=true, hasTouchScreen=false, version=58.0.3029.81, platform=XP, browserConnectionEnabled=false, nativeEvents=true, acceptSslCerts=true, locationContextEnabled=true, webStorageEnabled=true, browserName=chrome, takesScreenshot=true, javascriptEnabled=true, cssSelectorsEnabled=true, unexpectedAlertBehaviour=}]<br/>
Session ID: 53442b3e81a8619b556be6d35d91fd7d<br/>
*** Element info: {Using=xpath, value=//li[contains(text(),&apos;Аналитик ЦА ДБН&apos;)]}</a><br />
        <div class="stackTrace" id="exception-2">
                      sun.reflect.GeneratedConstructorAccessor13.newInstance(Unknown Source)<br />
                      sun.reflect.DelegatingConstructorAccessorImpl.newInstance(DelegatingConstructorAccessorImpl.java:45)<br />
                      java.lang.reflect.Constructor.newInstance(Constructor.java:423)<br />
                      org.openqa.selenium.remote.ErrorHandler.createThrowable(ErrorHandler.java:206)<br />
                      org.openqa.selenium.remote.ErrorHandler.throwIfResponseFailed(ErrorHandler.java:158)<br />
                      org.openqa.selenium.remote.RemoteWebDriver.execute(RemoteWebDriver.java:678)<br />
                      org.openqa.selenium.remote.RemoteWebDriver.findElement(RemoteWebDriver.java:363)<br />
                      org.openqa.selenium.remote.RemoteWebDriver.findElementByXPath(RemoteWebDriver.java:500)<br />
                      org.openqa.selenium.By$ByXPath.findElement(By.java:361)<br />
                      org.openqa.selenium.remote.RemoteWebDriver.findElement(RemoteWebDriver.java:355)<br />
                      org.openqa.selenium.support.pagefactory.DefaultElementLocator.findElement(DefaultElementLocator.java:69)<br />
                      org.openqa.selenium.support.pagefactory.internal.LocatingElementHandler.invoke(LocatingElementHandler.java:38)<br />
                      com.sun.proxy.$Proxy6.isDisplayed(Unknown Source)<br />
                      org.openqa.selenium.support.ui.ExpectedConditions.elementIfVisible(ExpectedConditions.java:302)<br />
                      org.openqa.selenium.support.ui.ExpectedConditions.access$100(ExpectedConditions.java:41)<br />
                      org.openqa.selenium.support.ui.ExpectedConditions$10.apply(ExpectedConditions.java:288)<br />
                      org.openqa.selenium.support.ui.ExpectedConditions$10.apply(ExpectedConditions.java:285)<br />
                      org.openqa.selenium.support.ui.FluentWait.until(FluentWait.java:238)<br />
                      pages.base.BasePage.elementVisibility(BasePage.java:44)<br />
                      pages.LoginPage.checkAnaliticRoleName(LoginPage.java:68)<br />
                      roleRightsTestSuite.AnaliticTest.authorizationAnaliticTest(AnaliticTest.java:21)<br />
                      sun.reflect.NativeMethodAccessorImpl.invoke0(Native Method)<br />
                      sun.reflect.NativeMethodAccessorImpl.invoke(NativeMethodAccessorImpl.java:62)<br />
                      sun.reflect.DelegatingMethodAccessorImpl.invoke(DelegatingMethodAccessorImpl.java:43)<br />
                      java.lang.reflect.Method.invoke(Method.java:498)<br />
                      org.testng.internal.MethodInvocationHelper.invokeMethod(MethodInvocationHelper.java:108)<br />
                      org.testng.internal.Invoker.invokeMethod(Invoker.java:661)<br />
                      org.testng.internal.Invoker.invokeTestMethod(Invoker.java:869)<br />
                      org.testng.internal.Invoker.invokeTestMethods(Invoker.java:1193)<br />
                      org.testng.internal.TestMethodWorker.invokeTestMethods(TestMethodWorker.java:126)<br />
                      org.testng.internal.TestMethodWorker.run(TestMethodWorker.java:109)<br />
                      org.testng.TestRunner.privateRun(TestRunner.java:744)<br />
                      org.testng.TestRunner.run(TestRunner.java:602)<br />
                      org.testng.SuiteRunner.runTest(SuiteRunner.java:380)<br />
                      org.testng.SuiteRunner.access$000(SuiteRunner.java:39)<br />
                      org.testng.SuiteRunner$SuiteWorker.run(SuiteRunner.java:414)<br />
                      org.testng.internal.thread.ThreadUtil$1.call(ThreadUtil.java:52)<br />
                      java.util.concurrent.FutureTask.run(FutureTask.java:266)<br />
                      java.util.concurrent.ThreadPoolExecutor.runWorker(ThreadPoolExecutor.java:1142)<br />
                      java.util.concurrent.ThreadPoolExecutor$Worker.run(ThreadPoolExecutor.java:617)<br />
                      java.lang.Thread.run(Thread.java:745)<br />
                  </div>
          </div>
      </td>
</tr>
<tr>
  <td class="method">
                  mainPageTest
      </td>
  <td class="duration">
    15.132s
  </td>
  <td class="result">
        
    
        

        <a href="javascript:toggleElement('exception-3', 'block')" title="Click to expand/collapse"><b>org.openqa.selenium.TimeoutException: Timed out after 15 seconds waiting for visibility of Proxy element for: DefaultElementLocator &apos;By.xpath: //a[contains(text(),&apos;Главная страница&apos;)]&apos;<br/>
Build info: version: &apos;2.53.0&apos;, revision: &apos;35ae25b1534ae328c771e0856c93e187490ca824&apos;, time: &apos;2016-03-15 10:43:46&apos;<br/>
System info: host: &apos;LAPTOP-SO1S0EM0&apos;, ip: &apos;172.28.215.217&apos;, os.name: &apos;Windows 10&apos;, os.arch: &apos;amd64&apos;, os.version: &apos;10.0&apos;, java.version: &apos;1.8.0_112&apos;<br/>
Driver info: org.openqa.selenium.chrome.ChromeDriver<br/>
Capabilities [{applicationCacheEnabled=false, rotatable=false, mobileEmulationEnabled=false, networkConnectionEnabled=false, chrome={chromedriverVersion=2.28.455520 (cc17746adff54984afff480136733114c6b3704b), userDataDir=C:\Users\Avic\AppData\Local\Temp\scoped_dir8060_8137}, takesHeapSnapshot=true, pageLoadStrategy=normal, databaseEnabled=false, handlesAlerts=true, hasTouchScreen=false, version=58.0.3029.81, platform=XP, browserConnectionEnabled=false, nativeEvents=true, acceptSslCerts=true, locationContextEnabled=true, webStorageEnabled=true, browserName=chrome, takesScreenshot=true, javascriptEnabled=true, cssSelectorsEnabled=true, unexpectedAlertBehaviour=}]<br/>
Session ID: 53442b3e81a8619b556be6d35d91fd7d</b></a><br />
    <div class="stackTrace" id="exception-3">
              org.openqa.selenium.support.ui.WebDriverWait.timeoutException(WebDriverWait.java:80)<br />
              org.openqa.selenium.support.ui.FluentWait.until(FluentWait.java:261)<br />
              pages.base.BasePage.elementVisibility(BasePage.java:44)<br />
              pages.MainPage.mainPageIsDisplayed(MainPage.java:44)<br />
              roleRightsTestSuite.AnaliticTest.mainPageTest(AnaliticTest.java:33)<br />
              sun.reflect.NativeMethodAccessorImpl.invoke0(Native Method)<br />
              sun.reflect.NativeMethodAccessorImpl.invoke(NativeMethodAccessorImpl.java:62)<br />
              sun.reflect.DelegatingMethodAccessorImpl.invoke(DelegatingMethodAccessorImpl.java:43)<br />
              java.lang.reflect.Method.invoke(Method.java:498)<br />
              org.testng.internal.MethodInvocationHelper.invokeMethod(MethodInvocationHelper.java:108)<br />
              org.testng.internal.Invoker.invokeMethod(Invoker.java:661)<br />
              org.testng.internal.Invoker.invokeTestMethod(Invoker.java:869)<br />
              org.testng.internal.Invoker.invokeTestMethods(Invoker.java:1193)<br />
              org.testng.internal.TestMethodWorker.invokeTestMethods(TestMethodWorker.java:126)<br />
              org.testng.internal.TestMethodWorker.run(TestMethodWorker.java:109)<br />
              org.testng.TestRunner.privateRun(TestRunner.java:744)<br />
              org.testng.TestRunner.run(TestRunner.java:602)<br />
              org.testng.SuiteRunner.runTest(SuiteRunner.java:380)<br />
              org.testng.SuiteRunner.access$000(SuiteRunner.java:39)<br />
              org.testng.SuiteRunner$SuiteWorker.run(SuiteRunner.java:414)<br />
              org.testng.internal.thread.ThreadUtil$1.call(ThreadUtil.java:52)<br />
              java.util.concurrent.FutureTask.run(FutureTask.java:266)<br />
              java.util.concurrent.ThreadPoolExecutor.runWorker(ThreadPoolExecutor.java:1142)<br />
              java.util.concurrent.ThreadPoolExecutor$Worker.run(ThreadPoolExecutor.java:617)<br />
              java.lang.Thread.run(Thread.java:745)<br />
                    <b>Caused by: </b> <a href="javascript:toggleElement('exception-4', 'block')" title="Click to expand/collapse">org.openqa.selenium.NoSuchElementException: no such element: Unable to locate element: {&quot;method&quot;:&quot;xpath&quot;,&quot;selector&quot;:&quot;//a[contains(text(),&apos;Главная страница&apos;)]&quot;}<br/>
&nbsp; (Session info: chrome=58.0.3029.81)<br/>
&nbsp; (Driver info: chromedriver=2.28.455520 (cc17746adff54984afff480136733114c6b3704b),platform=Windows NT 10.0.14393 x86_64) (WARNING: The server did not provide any stacktrace information)<br/>
Command duration or timeout: 33 milliseconds<br/>
For documentation on this error, please visit: http://seleniumhq.org/exceptions/no_such_element.html<br/>
Build info: version: &apos;2.53.0&apos;, revision: &apos;35ae25b1534ae328c771e0856c93e187490ca824&apos;, time: &apos;2016-03-15 10:43:46&apos;<br/>
System info: host: &apos;LAPTOP-SO1S0EM0&apos;, ip: &apos;172.28.215.217&apos;, os.name: &apos;Windows 10&apos;, os.arch: &apos;amd64&apos;, os.version: &apos;10.0&apos;, java.version: &apos;1.8.0_112&apos;<br/>
Driver info: org.openqa.selenium.chrome.ChromeDriver<br/>
Capabilities [{applicationCacheEnabled=false, rotatable=false, mobileEmulationEnabled=false, networkConnectionEnabled=false, chrome={chromedriverVersion=2.28.455520 (cc17746adff54984afff480136733114c6b3704b), userDataDir=C:\Users\Avic\AppData\Local\Temp\scoped_dir8060_8137}, takesHeapSnapshot=true, pageLoadStrategy=normal, databaseEnabled=false, handlesAlerts=true, hasTouchScreen=false, version=58.0.3029.81, platform=XP, browserConnectionEnabled=false, nativeEvents=true, acceptSslCerts=true, locationContextEnabled=true, webStorageEnabled=true, browserName=chrome, takesScreenshot=true, javascriptEnabled=true, cssSelectorsEnabled=true, unexpectedAlertBehaviour=}]<br/>
Session ID: 53442b3e81a8619b556be6d35d91fd7d<br/>
*** Element info: {Using=xpath, value=//a[contains(text(),&apos;Главная страница&apos;)]}</a><br />
        <div class="stackTrace" id="exception-4">
                      sun.reflect.GeneratedConstructorAccessor13.newInstance(Unknown Source)<br />
                      sun.reflect.DelegatingConstructorAccessorImpl.newInstance(DelegatingConstructorAccessorImpl.java:45)<br />
                      java.lang.reflect.Constructor.newInstance(Constructor.java:423)<br />
                      org.openqa.selenium.remote.ErrorHandler.createThrowable(ErrorHandler.java:206)<br />
                      org.openqa.selenium.remote.ErrorHandler.throwIfResponseFailed(ErrorHandler.java:158)<br />
                      org.openqa.selenium.remote.RemoteWebDriver.execute(RemoteWebDriver.java:678)<br />
                      org.openqa.selenium.remote.RemoteWebDriver.findElement(RemoteWebDriver.java:363)<br />
                      org.openqa.selenium.remote.RemoteWebDriver.findElementByXPath(RemoteWebDriver.java:500)<br />
                      org.openqa.selenium.By$ByXPath.findElement(By.java:361)<br />
                      org.openqa.selenium.remote.RemoteWebDriver.findElement(RemoteWebDriver.java:355)<br />
                      org.openqa.selenium.support.pagefactory.DefaultElementLocator.findElement(DefaultElementLocator.java:69)<br />
                      org.openqa.selenium.support.pagefactory.internal.LocatingElementHandler.invoke(LocatingElementHandler.java:38)<br />
                      com.sun.proxy.$Proxy6.isDisplayed(Unknown Source)<br />
                      org.openqa.selenium.support.ui.ExpectedConditions.elementIfVisible(ExpectedConditions.java:302)<br />
                      org.openqa.selenium.support.ui.ExpectedConditions.access$100(ExpectedConditions.java:41)<br />
                      org.openqa.selenium.support.ui.ExpectedConditions$10.apply(ExpectedConditions.java:288)<br />
                      org.openqa.selenium.support.ui.ExpectedConditions$10.apply(ExpectedConditions.java:285)<br />
                      org.openqa.selenium.support.ui.FluentWait.until(FluentWait.java:238)<br />
                      pages.base.BasePage.elementVisibility(BasePage.java:44)<br />
                      pages.MainPage.mainPageIsDisplayed(MainPage.java:44)<br />
                      roleRightsTestSuite.AnaliticTest.mainPageTest(AnaliticTest.java:33)<br />
                      sun.reflect.NativeMethodAccessorImpl.invoke0(Native Method)<br />
                      sun.reflect.NativeMethodAccessorImpl.invoke(NativeMethodAccessorImpl.java:62)<br />
                      sun.reflect.DelegatingMethodAccessorImpl.invoke(DelegatingMethodAccessorImpl.java:43)<br />
                      java.lang.reflect.Method.invoke(Method.java:498)<br />
                      org.testng.internal.MethodInvocationHelper.invokeMethod(MethodInvocationHelper.java:108)<br />
                      org.testng.internal.Invoker.invokeMethod(Invoker.java:661)<br />
                      org.testng.internal.Invoker.invokeTestMethod(Invoker.java:869)<br />
                      org.testng.internal.Invoker.invokeTestMethods(Invoker.java:1193)<br />
                      org.testng.internal.TestMethodWorker.invokeTestMethods(TestMethodWorker.java:126)<br />
                      org.testng.internal.TestMethodWorker.run(TestMethodWorker.java:109)<br />
                      org.testng.TestRunner.privateRun(TestRunner.java:744)<br />
                      org.testng.TestRunner.run(TestRunner.java:602)<br />
                      org.testng.SuiteRunner.runTest(SuiteRunner.java:380)<br />
                      org.testng.SuiteRunner.access$000(SuiteRunner.java:39)<br />
                      org.testng.SuiteRunner$SuiteWorker.run(SuiteRunner.java:414)<br />
                      org.testng.internal.thread.ThreadUtil$1.call(ThreadUtil.java:52)<br />
                      java.util.concurrent.FutureTask.run(FutureTask.java:266)<br />
                      java.util.concurrent.ThreadPoolExecutor.runWorker(ThreadPoolExecutor.java:1142)<br />
                      java.util.concurrent.ThreadPoolExecutor$Worker.run(ThreadPoolExecutor.java:617)<br />
                      java.lang.Thread.run(Thread.java:745)<br />
                  </div>
          </div>
      </td>
</tr>
<tr>
  <td class="method">
                  myRightsPageTest
      </td>
  <td class="duration">
    17.365s
  </td>
  <td class="result">
        
    
        

        <a href="javascript:toggleElement('exception-5', 'block')" title="Click to expand/collapse"><b>org.openqa.selenium.remote.UnreachableBrowserException: Error communicating with the remote browser. It may have died.<br/>
Build info: version: &apos;2.53.0&apos;, revision: &apos;35ae25b1534ae328c771e0856c93e187490ca824&apos;, time: &apos;2016-03-15 10:43:46&apos;<br/>
System info: host: &apos;LAPTOP-SO1S0EM0&apos;, ip: &apos;172.28.215.217&apos;, os.name: &apos;Windows 10&apos;, os.arch: &apos;amd64&apos;, os.version: &apos;10.0&apos;, java.version: &apos;1.8.0_112&apos;<br/>
Driver info: driver.version: RemoteWebDriver<br/>
Capabilities [{applicationCacheEnabled=false, rotatable=false, mobileEmulationEnabled=false, networkConnectionEnabled=false, chrome={chromedriverVersion=2.28.455520 (cc17746adff54984afff480136733114c6b3704b), userDataDir=C:\Users\Avic\AppData\Local\Temp\scoped_dir8060_8137}, takesHeapSnapshot=true, pageLoadStrategy=normal, databaseEnabled=false, handlesAlerts=true, hasTouchScreen=false, version=58.0.3029.81, platform=XP, browserConnectionEnabled=false, nativeEvents=true, acceptSslCerts=true, locationContextEnabled=true, webStorageEnabled=true, browserName=chrome, takesScreenshot=true, javascriptEnabled=true, cssSelectorsEnabled=true, unexpectedAlertBehaviour=}]</b></a><br />
    <div class="stackTrace" id="exception-5">
              org.openqa.selenium.remote.RemoteWebDriver.execute(RemoteWebDriver.java:665)<br />
              org.openqa.selenium.remote.RemoteWebDriver.findElement(RemoteWebDriver.java:363)<br />
              org.openqa.selenium.remote.RemoteWebDriver.findElementByXPath(RemoteWebDriver.java:500)<br />
              org.openqa.selenium.By$ByXPath.findElement(By.java:361)<br />
              org.openqa.selenium.remote.RemoteWebDriver.findElement(RemoteWebDriver.java:355)<br />
              org.openqa.selenium.support.pagefactory.DefaultElementLocator.findElement(DefaultElementLocator.java:69)<br />
              org.openqa.selenium.support.pagefactory.internal.LocatingElementHandler.invoke(LocatingElementHandler.java:38)<br />
              com.sun.proxy.$Proxy6.isDisplayed(Unknown Source)<br />
              org.openqa.selenium.support.ui.ExpectedConditions.elementIfVisible(ExpectedConditions.java:302)<br />
              org.openqa.selenium.support.ui.ExpectedConditions.access$100(ExpectedConditions.java:41)<br />
              org.openqa.selenium.support.ui.ExpectedConditions$10.apply(ExpectedConditions.java:288)<br />
              org.openqa.selenium.support.ui.ExpectedConditions$10.apply(ExpectedConditions.java:285)<br />
              org.openqa.selenium.support.ui.FluentWait.until(FluentWait.java:238)<br />
              pages.base.BasePage.elementVisibility(BasePage.java:44)<br />
              pages.MyRightsPage.myRightsPageIsDisplayed(MyRightsPage.java:24)<br />
              roleRightsTestSuite.AnaliticTest.myRightsPageTest(AnaliticTest.java:47)<br />
              sun.reflect.NativeMethodAccessorImpl.invoke0(Native Method)<br />
              sun.reflect.NativeMethodAccessorImpl.invoke(NativeMethodAccessorImpl.java:62)<br />
              sun.reflect.DelegatingMethodAccessorImpl.invoke(DelegatingMethodAccessorImpl.java:43)<br />
              java.lang.reflect.Method.invoke(Method.java:498)<br />
              org.testng.internal.MethodInvocationHelper.invokeMethod(MethodInvocationHelper.java:108)<br />
              org.testng.internal.Invoker.invokeMethod(Invoker.java:661)<br />
              org.testng.internal.Invoker.invokeTestMethod(Invoker.java:869)<br />
              org.testng.internal.Invoker.invokeTestMethods(Invoker.java:1193)<br />
              org.testng.internal.TestMethodWorker.invokeTestMethods(TestMethodWorker.java:126)<br />
              org.testng.internal.TestMethodWorker.run(TestMethodWorker.java:109)<br />
              org.testng.TestRunner.privateRun(TestRunner.java:744)<br />
              org.testng.TestRunner.run(TestRunner.java:602)<br />
              org.testng.SuiteRunner.runTest(SuiteRunner.java:380)<br />
              org.testng.SuiteRunner.access$000(SuiteRunner.java:39)<br />
              org.testng.SuiteRunner$SuiteWorker.run(SuiteRunner.java:414)<br />
              org.testng.internal.thread.ThreadUtil$1.call(ThreadUtil.java:52)<br />
              java.util.concurrent.FutureTask.run(FutureTask.java:266)<br />
              java.util.concurrent.ThreadPoolExecutor.runWorker(ThreadPoolExecutor.java:1142)<br />
              java.util.concurrent.ThreadPoolExecutor$Worker.run(ThreadPoolExecutor.java:617)<br />
              java.lang.Thread.run(Thread.java:745)<br />
                    <b>Caused by: </b> <a href="javascript:toggleElement('exception-6', 'block')" title="Click to expand/collapse">org.openqa.selenium.WebDriverException: org.apache.http.conn.HttpHostConnectException: Connect to localhost:1962 [localhost/127.0.0.1, localhost/0:0:0:0:0:0:0:1] failed: Connection refused: connect<br/>
Build info: version: &apos;2.53.0&apos;, revision: &apos;35ae25b1534ae328c771e0856c93e187490ca824&apos;, time: &apos;2016-03-15 10:43:46&apos;<br/>
System info: host: &apos;LAPTOP-SO1S0EM0&apos;, ip: &apos;172.28.215.217&apos;, os.name: &apos;Windows 10&apos;, os.arch: &apos;amd64&apos;, os.version: &apos;10.0&apos;, java.version: &apos;1.8.0_112&apos;<br/>
Driver info: driver.version: RemoteWebDriver</a><br />
        <div class="stackTrace" id="exception-6">
                      org.openqa.selenium.remote.service.DriverCommandExecutor.execute(DriverCommandExecutor.java:91)<br />
                      org.openqa.selenium.remote.RemoteWebDriver.execute(RemoteWebDriver.java:644)<br />
                      org.openqa.selenium.remote.RemoteWebDriver.findElement(RemoteWebDriver.java:363)<br />
                      org.openqa.selenium.remote.RemoteWebDriver.findElementByXPath(RemoteWebDriver.java:500)<br />
                      org.openqa.selenium.By$ByXPath.findElement(By.java:361)<br />
                      org.openqa.selenium.remote.RemoteWebDriver.findElement(RemoteWebDriver.java:355)<br />
                      org.openqa.selenium.support.pagefactory.DefaultElementLocator.findElement(DefaultElementLocator.java:69)<br />
                      org.openqa.selenium.support.pagefactory.internal.LocatingElementHandler.invoke(LocatingElementHandler.java:38)<br />
                      com.sun.proxy.$Proxy6.isDisplayed(Unknown Source)<br />
                      org.openqa.selenium.support.ui.ExpectedConditions.elementIfVisible(ExpectedConditions.java:302)<br />
                      org.openqa.selenium.support.ui.ExpectedConditions.access$100(ExpectedConditions.java:41)<br />
                      org.openqa.selenium.support.ui.ExpectedConditions$10.apply(ExpectedConditions.java:288)<br />
                      org.openqa.selenium.support.ui.ExpectedConditions$10.apply(ExpectedConditions.java:285)<br />
                      org.openqa.selenium.support.ui.FluentWait.until(FluentWait.java:238)<br />
                      pages.base.BasePage.elementVisibility(BasePage.java:44)<br />
                      pages.MyRightsPage.myRightsPageIsDisplayed(MyRightsPage.java:24)<br />
                      roleRightsTestSuite.AnaliticTest.myRightsPageTest(AnaliticTest.java:47)<br />
                      sun.reflect.NativeMethodAccessorImpl.invoke0(Native Method)<br />
                      sun.reflect.NativeMethodAccessorImpl.invoke(NativeMethodAccessorImpl.java:62)<br />
                      sun.reflect.DelegatingMethodAccessorImpl.invoke(DelegatingMethodAccessorImpl.java:43)<br />
                      java.lang.reflect.Method.invoke(Method.java:498)<br />
                      org.testng.internal.MethodInvocationHelper.invokeMethod(MethodInvocationHelper.java:108)<br />
                      org.testng.internal.Invoker.invokeMethod(Invoker.java:661)<br />
                      org.testng.internal.Invoker.invokeTestMethod(Invoker.java:869)<br />
                      org.testng.internal.Invoker.invokeTestMethods(Invoker.java:1193)<br />
                      org.testng.internal.TestMethodWorker.invokeTestMethods(TestMethodWorker.java:126)<br />
                      org.testng.internal.TestMethodWorker.run(TestMethodWorker.java:109)<br />
                      org.testng.TestRunner.privateRun(TestRunner.java:744)<br />
                      org.testng.TestRunner.run(TestRunner.java:602)<br />
                      org.testng.SuiteRunner.runTest(SuiteRunner.java:380)<br />
                      org.testng.SuiteRunner.access$000(SuiteRunner.java:39)<br />
                      org.testng.SuiteRunner$SuiteWorker.run(SuiteRunner.java:414)<br />
                      org.testng.internal.thread.ThreadUtil$1.call(ThreadUtil.java:52)<br />
                      java.util.concurrent.FutureTask.run(FutureTask.java:266)<br />
                      java.util.concurrent.ThreadPoolExecutor.runWorker(ThreadPoolExecutor.java:1142)<br />
                      java.util.concurrent.ThreadPoolExecutor$Worker.run(ThreadPoolExecutor.java:617)<br />
                      java.lang.Thread.run(Thread.java:745)<br />
                  </div>
              <b>Caused by: </b> <a href="javascript:toggleElement('exception-7', 'block')" title="Click to expand/collapse">org.apache.http.conn.HttpHostConnectException: Connect to localhost:1962 [localhost/127.0.0.1, localhost/0:0:0:0:0:0:0:1] failed: Connection refused: connect</a><br />
        <div class="stackTrace" id="exception-7">
                      org.apache.http.impl.conn.DefaultHttpClientConnectionOperator.connect(DefaultHttpClientConnectionOperator.java:151)<br />
                      org.apache.http.impl.conn.PoolingHttpClientConnectionManager.connect(PoolingHttpClientConnectionManager.java:353)<br />
                      org.apache.http.impl.execchain.MainClientExec.establishRoute(MainClientExec.java:380)<br />
                      org.apache.http.impl.execchain.MainClientExec.execute(MainClientExec.java:236)<br />
                      org.apache.http.impl.execchain.ProtocolExec.execute(ProtocolExec.java:184)<br />
                      org.apache.http.impl.execchain.RetryExec.execute(RetryExec.java:88)<br />
                      org.apache.http.impl.execchain.RedirectExec.execute(RedirectExec.java:110)<br />
                      org.apache.http.impl.client.InternalHttpClient.doExecute(InternalHttpClient.java:184)<br />
                      org.apache.http.impl.client.CloseableHttpClient.execute(CloseableHttpClient.java:71)<br />
                      org.apache.http.impl.client.CloseableHttpClient.execute(CloseableHttpClient.java:55)<br />
                      org.openqa.selenium.remote.internal.ApacheHttpClient.fallBackExecute(ApacheHttpClient.java:144)<br />
                      org.openqa.selenium.remote.internal.ApacheHttpClient.execute(ApacheHttpClient.java:90)<br />
                      org.openqa.selenium.remote.HttpCommandExecutor.execute(HttpCommandExecutor.java:142)<br />
                      org.openqa.selenium.remote.service.DriverCommandExecutor.execute(DriverCommandExecutor.java:82)<br />
                      org.openqa.selenium.remote.RemoteWebDriver.execute(RemoteWebDriver.java:644)<br />
                      org.openqa.selenium.remote.RemoteWebDriver.findElement(RemoteWebDriver.java:363)<br />
                      org.openqa.selenium.remote.RemoteWebDriver.findElementByXPath(RemoteWebDriver.java:500)<br />
                      org.openqa.selenium.By$ByXPath.findElement(By.java:361)<br />
                      org.openqa.selenium.remote.RemoteWebDriver.findElement(RemoteWebDriver.java:355)<br />
                      org.openqa.selenium.support.pagefactory.DefaultElementLocator.findElement(DefaultElementLocator.java:69)<br />
                      org.openqa.selenium.support.pagefactory.internal.LocatingElementHandler.invoke(LocatingElementHandler.java:38)<br />
                      com.sun.proxy.$Proxy6.isDisplayed(Unknown Source)<br />
                      org.openqa.selenium.support.ui.ExpectedConditions.elementIfVisible(ExpectedConditions.java:302)<br />
                      org.openqa.selenium.support.ui.ExpectedConditions.access$100(ExpectedConditions.java:41)<br />
                      org.openqa.selenium.support.ui.ExpectedConditions$10.apply(ExpectedConditions.java:288)<br />
                      org.openqa.selenium.support.ui.ExpectedConditions$10.apply(ExpectedConditions.java:285)<br />
                      org.openqa.selenium.support.ui.FluentWait.until(FluentWait.java:238)<br />
                      pages.base.BasePage.elementVisibility(BasePage.java:44)<br />
                      pages.MyRightsPage.myRightsPageIsDisplayed(MyRightsPage.java:24)<br />
                      roleRightsTestSuite.AnaliticTest.myRightsPageTest(AnaliticTest.java:47)<br />
                      sun.reflect.NativeMethodAccessorImpl.invoke0(Native Method)<br />
                      sun.reflect.NativeMethodAccessorImpl.invoke(NativeMethodAccessorImpl.java:62)<br />
                      sun.reflect.DelegatingMethodAccessorImpl.invoke(DelegatingMethodAccessorImpl.java:43)<br />
                      java.lang.reflect.Method.invoke(Method.java:498)<br />
                      org.testng.internal.MethodInvocationHelper.invokeMethod(MethodInvocationHelper.java:108)<br />
                      org.testng.internal.Invoker.invokeMethod(Invoker.java:661)<br />
                      org.testng.internal.Invoker.invokeTestMethod(Invoker.java:869)<br />
                      org.testng.internal.Invoker.invokeTestMethods(Invoker.java:1193)<br />
                      org.testng.internal.TestMethodWorker.invokeTestMethods(TestMethodWorker.java:126)<br />
                      org.testng.internal.TestMethodWorker.run(TestMethodWorker.java:109)<br />
                      org.testng.TestRunner.privateRun(TestRunner.java:744)<br />
                      org.testng.TestRunner.run(TestRunner.java:602)<br />
                      org.testng.SuiteRunner.runTest(SuiteRunner.java:380)<br />
                      org.testng.SuiteRunner.access$000(SuiteRunner.java:39)<br />
                      org.testng.SuiteRunner$SuiteWorker.run(SuiteRunner.java:414)<br />
                      org.testng.internal.thread.ThreadUtil$1.call(ThreadUtil.java:52)<br />
                      java.util.concurrent.FutureTask.run(FutureTask.java:266)<br />
                      java.util.concurrent.ThreadPoolExecutor.runWorker(ThreadPoolExecutor.java:1142)<br />
                      java.util.concurrent.ThreadPoolExecutor$Worker.run(ThreadPoolExecutor.java:617)<br />
                      java.lang.Thread.run(Thread.java:745)<br />
                  </div>
              <b>Caused by: </b> <a href="javascript:toggleElement('exception-8', 'block')" title="Click to expand/collapse">java.net.ConnectException: Connection refused: connect</a><br />
        <div class="stackTrace" id="exception-8">
                      java.net.DualStackPlainSocketImpl.waitForConnect(Native Method)<br />
                      java.net.DualStackPlainSocketImpl.socketConnect(DualStackPlainSocketImpl.java:85)<br />
                      java.net.AbstractPlainSocketImpl.doConnect(AbstractPlainSocketImpl.java:350)<br />
                      java.net.AbstractPlainSocketImpl.connectToAddress(AbstractPlainSocketImpl.java:206)<br />
                      java.net.AbstractPlainSocketImpl.connect(AbstractPlainSocketImpl.java:188)<br />
                      java.net.PlainSocketImpl.connect(PlainSocketImpl.java:172)<br />
                      java.net.SocksSocketImpl.connect(SocksSocketImpl.java:392)<br />
                      java.net.Socket.connect(Socket.java:589)<br />
                      org.apache.http.conn.socket.PlainConnectionSocketFactory.connectSocket(PlainConnectionSocketFactory.java:74)<br />
                      org.apache.http.impl.conn.DefaultHttpClientConnectionOperator.connect(DefaultHttpClientConnectionOperator.java:134)<br />
                      org.apache.http.impl.conn.PoolingHttpClientConnectionManager.connect(PoolingHttpClientConnectionManager.java:353)<br />
                      org.apache.http.impl.execchain.MainClientExec.establishRoute(MainClientExec.java:380)<br />
                      org.apache.http.impl.execchain.MainClientExec.execute(MainClientExec.java:236)<br />
                      org.apache.http.impl.execchain.ProtocolExec.execute(ProtocolExec.java:184)<br />
                      org.apache.http.impl.execchain.RetryExec.execute(RetryExec.java:88)<br />
                      org.apache.http.impl.execchain.RedirectExec.execute(RedirectExec.java:110)<br />
                      org.apache.http.impl.client.InternalHttpClient.doExecute(InternalHttpClient.java:184)<br />
                      org.apache.http.impl.client.CloseableHttpClient.execute(CloseableHttpClient.java:71)<br />
                      org.apache.http.impl.client.CloseableHttpClient.execute(CloseableHttpClient.java:55)<br />
                      org.openqa.selenium.remote.internal.ApacheHttpClient.fallBackExecute(ApacheHttpClient.java:144)<br />
                      org.openqa.selenium.remote.internal.ApacheHttpClient.execute(ApacheHttpClient.java:90)<br />
                      org.openqa.selenium.remote.HttpCommandExecutor.execute(HttpCommandExecutor.java:142)<br />
                      org.openqa.selenium.remote.service.DriverCommandExecutor.execute(DriverCommandExecutor.java:82)<br />
                      org.openqa.selenium.remote.RemoteWebDriver.execute(RemoteWebDriver.java:644)<br />
                      org.openqa.selenium.remote.RemoteWebDriver.findElement(RemoteWebDriver.java:363)<br />
                      org.openqa.selenium.remote.RemoteWebDriver.findElementByXPath(RemoteWebDriver.java:500)<br />
                      org.openqa.selenium.By$ByXPath.findElement(By.java:361)<br />
                      org.openqa.selenium.remote.RemoteWebDriver.findElement(RemoteWebDriver.java:355)<br />
                      org.openqa.selenium.support.pagefactory.DefaultElementLocator.findElement(DefaultElementLocator.java:69)<br />
                      org.openqa.selenium.support.pagefactory.internal.LocatingElementHandler.invoke(LocatingElementHandler.java:38)<br />
                      com.sun.proxy.$Proxy6.isDisplayed(Unknown Source)<br />
                      org.openqa.selenium.support.ui.ExpectedConditions.elementIfVisible(ExpectedConditions.java:302)<br />
                      org.openqa.selenium.support.ui.ExpectedConditions.access$100(ExpectedConditions.java:41)<br />
                      org.openqa.selenium.support.ui.ExpectedConditions$10.apply(ExpectedConditions.java:288)<br />
                      org.openqa.selenium.support.ui.ExpectedConditions$10.apply(ExpectedConditions.java:285)<br />
                      org.openqa.selenium.support.ui.FluentWait.until(FluentWait.java:238)<br />
                      pages.base.BasePage.elementVisibility(BasePage.java:44)<br />
                      pages.MyRightsPage.myRightsPageIsDisplayed(MyRightsPage.java:24)<br />
                      roleRightsTestSuite.AnaliticTest.myRightsPageTest(AnaliticTest.java:47)<br />
                      sun.reflect.NativeMethodAccessorImpl.invoke0(Native Method)<br />
                      sun.reflect.NativeMethodAccessorImpl.invoke(NativeMethodAccessorImpl.java:62)<br />
                      sun.reflect.DelegatingMethodAccessorImpl.invoke(DelegatingMethodAccessorImpl.java:43)<br />
                      java.lang.reflect.Method.invoke(Method.java:498)<br />
                      org.testng.internal.MethodInvocationHelper.invokeMethod(MethodInvocationHelper.java:108)<br />
                      org.testng.internal.Invoker.invokeMethod(Invoker.java:661)<br />
                      org.testng.internal.Invoker.invokeTestMethod(Invoker.java:869)<br />
                      org.testng.internal.Invoker.invokeTestMethods(Invoker.java:1193)<br />
                      org.testng.internal.TestMethodWorker.invokeTestMethods(TestMethodWorker.java:126)<br />
                      org.testng.internal.TestMethodWorker.run(TestMethodWorker.java:109)<br />
                      org.testng.TestRunner.privateRun(TestRunner.java:744)<br />
                      org.testng.TestRunner.run(TestRunner.java:602)<br />
                      org.testng.SuiteRunner.runTest(SuiteRunner.java:380)<br />
                      org.testng.SuiteRunner.access$000(SuiteRunner.java:39)<br />
                      org.testng.SuiteRunner$SuiteWorker.run(SuiteRunner.java:414)<br />
                      org.testng.internal.thread.ThreadUtil$1.call(ThreadUtil.java:52)<br />
                      java.util.concurrent.FutureTask.run(FutureTask.java:266)<br />
                      java.util.concurrent.ThreadPoolExecutor.runWorker(ThreadPoolExecutor.java:1142)<br />
                      java.util.concurrent.ThreadPoolExecutor$Worker.run(ThreadPoolExecutor.java:617)<br />
                      java.lang.Thread.run(Thread.java:745)<br />
                  </div>
          </div>
      </td>
</tr>
<tr>
  <td class="method">
                  publishPageTest
      </td>
  <td class="duration">
    15.057s
  </td>
  <td class="result">
        
    
        

        <a href="javascript:toggleElement('exception-9', 'block')" title="Click to expand/collapse"><b>org.openqa.selenium.remote.SessionNotFoundException: Session ID is null. Using WebDriver after calling quit()?<br/>
Build info: version: &apos;2.53.0&apos;, revision: &apos;35ae25b1534ae328c771e0856c93e187490ca824&apos;, time: &apos;2016-03-15 10:43:46&apos;<br/>
System info: host: &apos;LAPTOP-SO1S0EM0&apos;, ip: &apos;172.28.215.217&apos;, os.name: &apos;Windows 10&apos;, os.arch: &apos;amd64&apos;, os.version: &apos;10.0&apos;, java.version: &apos;1.8.0_112&apos;<br/>
Driver info: driver.version: RemoteWebDriver</b></a><br />
    <div class="stackTrace" id="exception-9">
              org.openqa.selenium.remote.HttpCommandExecutor.execute(HttpCommandExecutor.java:134)<br />
              org.openqa.selenium.remote.service.DriverCommandExecutor.execute(DriverCommandExecutor.java:82)<br />
              org.openqa.selenium.remote.RemoteWebDriver.execute(RemoteWebDriver.java:644)<br />
              org.openqa.selenium.remote.RemoteWebDriver.findElement(RemoteWebDriver.java:363)<br />
              org.openqa.selenium.remote.RemoteWebDriver.findElementByXPath(RemoteWebDriver.java:500)<br />
              org.openqa.selenium.By$ByXPath.findElement(By.java:361)<br />
              org.openqa.selenium.remote.RemoteWebDriver.findElement(RemoteWebDriver.java:355)<br />
              org.openqa.selenium.support.pagefactory.DefaultElementLocator.findElement(DefaultElementLocator.java:69)<br />
              org.openqa.selenium.support.pagefactory.internal.LocatingElementHandler.invoke(LocatingElementHandler.java:38)<br />
              com.sun.proxy.$Proxy6.toString(Unknown Source)<br />
              java.lang.String.valueOf(String.java:2994)<br />
              java.lang.StringBuilder.append(StringBuilder.java:131)<br />
              org.openqa.selenium.support.ui.ExpectedConditions$10.toString(ExpectedConditions.java:293)<br />
              org.openqa.selenium.support.ui.FluentWait.until(FluentWait.java:257)<br />
              pages.base.BasePage.elementVisibility(BasePage.java:44)<br />
              pages.PublicationPage.publicationPageISDisplayed(PublicationPage.java:49)<br />
              roleRightsTestSuite.AnaliticTest.publishPageTest(AnaliticTest.java:40)<br />
              sun.reflect.NativeMethodAccessorImpl.invoke0(Native Method)<br />
              sun.reflect.NativeMethodAccessorImpl.invoke(NativeMethodAccessorImpl.java:62)<br />
              sun.reflect.DelegatingMethodAccessorImpl.invoke(DelegatingMethodAccessorImpl.java:43)<br />
              java.lang.reflect.Method.invoke(Method.java:498)<br />
              org.testng.internal.MethodInvocationHelper.invokeMethod(MethodInvocationHelper.java:108)<br />
              org.testng.internal.Invoker.invokeMethod(Invoker.java:661)<br />
              org.testng.internal.Invoker.invokeTestMethod(Invoker.java:869)<br />
              org.testng.internal.Invoker.invokeTestMethods(Invoker.java:1193)<br />
              org.testng.internal.TestMethodWorker.invokeTestMethods(TestMethodWorker.java:126)<br />
              org.testng.internal.TestMethodWorker.run(TestMethodWorker.java:109)<br />
              org.testng.TestRunner.privateRun(TestRunner.java:744)<br />
              org.testng.TestRunner.run(TestRunner.java:602)<br />
              org.testng.SuiteRunner.runTest(SuiteRunner.java:380)<br />
              org.testng.SuiteRunner.access$000(SuiteRunner.java:39)<br />
              org.testng.SuiteRunner$SuiteWorker.run(SuiteRunner.java:414)<br />
              org.testng.internal.thread.ThreadUtil$1.call(ThreadUtil.java:52)<br />
              java.util.concurrent.FutureTask.run(FutureTask.java:266)<br />
              java.util.concurrent.ThreadPoolExecutor.runWorker(ThreadPoolExecutor.java:1142)<br />
              java.util.concurrent.ThreadPoolExecutor$Worker.run(ThreadPoolExecutor.java:617)<br />
              java.lang.Thread.run(Thread.java:745)<br />
                </div>
      </td>
</tr>
      </table>


  
</body>
</html>
